2026-04-13 16:12:15 | INFO | Using export root: /Users/michaelcuneo/Desktop/Instascrape/JSON/michaelcuneophotography
2026-04-13 16:12:15 | INFO | Loaded 250 valid post(s) from /Users/michaelcuneo/Desktop/Instascrape/JSON/michaelcuneophotography/your_instagram_activity/media/posts_1.json.
2026-04-13 16:12:15 | WARNING | Skipped 1 repost item(s) without media payload in export. Meta usually exports repost links without media, which cannot be re-uploaded automatically.
2026-04-13 16:12:15 | INFO | Loaded 0 repost item(s) with media.
2026-04-13 16:12:15 | INFO | Attached 10 comment(s) to posts using best-effort timestamp matching.
2026-04-13 16:12:15 | INFO | ============================================================
2026-04-13 16:12:15 | INFO | DRY RUN — JSON validation report
2026-04-13 16:12:15 | INFO |   Posts file  : /Users/michaelcuneo/Desktop/Instascrape/JSON/michaelcuneophotography/your_instagram_activity/media/posts_1.json
2026-04-13 16:12:15 | INFO |   Export root : /Users/michaelcuneo/Desktop/Instascrape/JSON/michaelcuneophotography
2026-04-13 16:12:15 | INFO |   Total posts : 250
2026-04-13 16:12:15 | INFO |   Schedule    : 25/day  08:00 – 22:00  → slots: 08:00, 08:33, 09:07, 09:40, 10:14 … (+20 more)
2026-04-13 16:12:15 | INFO |   Days to complete upload at current rate: 10
2026-04-13 16:12:15 | INFO | ============================================================
2026-04-13 16:12:15 | WARNING | [WARN] #   1  day=1  slot=08:00  type=photo  files=1  (no caption)
2026-04-13 16:12:15 | INFO | [OK]   #   2  day=1  slot=08:33  type=photo  files=1  caption='Korean Gochujang Fire Chicken.'
2026-04-13 16:12:15 | INFO | [OK]   #   3  day=1  slot=09:07  type=photo  files=1  caption='I was young once...'
2026-04-13 16:12:15 | INFO | [OK]   #   4  day=1  slot=09:40  type=photo  files=1  caption='Bronty is shedding today and sheâs very sad about it. A bi'
2026-04-13 16:12:15 | INFO | [OK]   #   5  day=1  slot=10:14  type=photo  files=1  caption='Little Bronty can hold on vertically. Doesnât even feel sh'
2026-04-13 16:12:15 | INFO | [OK]   #   6  day=1  slot=10:48  type=album  files=6  caption='The Laverton Ring-Tailed Dragon. (Ctenophorus Infans)'
2026-04-13 16:12:15 | INFO | [OK]   #   7  day=1  slot=11:21  type=album  files=2  caption='Perfect shots.'
2026-04-13 16:12:15 | INFO | [OK]   #   8  day=1  slot=11:55  type=photo  files=1  caption='Love it when work friends come over and say, âHere, play w'
2026-04-13 16:12:15 | WARNING | [WARN] #   9  day=1  slot=12:28  type=album  files=4  (no caption)
2026-04-13 16:12:15 | INFO | [OK]   #  10  day=1  slot=13:02  type=album  files=10  caption='Filming The Omnist 2019.'
2026-04-13 16:12:15 | INFO | [OK]   #  11  day=1  slot=13:36  type=photo  files=1  caption='Did just get a delivery from Krakow Poland! #estimote Proxim'
2026-04-13 16:12:15 | WARNING | [WARN] #  12  day=1  slot=14:09  type=photo  files=1  (no caption)
2026-04-13 16:12:15 | WARNING | [WARN] #  13  day=1  slot=14:43  type=photo  files=1  (no caption)
2026-04-13 16:12:15 | WARNING | [WARN] #  14  day=1  slot=15:16  type=photo  files=1  (no caption)
2026-04-13 16:12:15 | WARNING | [WARN] #  15  day=1  slot=15:50  type=photo  files=1  (no caption)
2026-04-13 16:12:15 | WARNING | [WARN] #  16  day=1  slot=16:24  type=photo  files=1  (no caption)
2026-04-13 16:12:15 | INFO | [OK]   #  17  day=1  slot=16:57  type=photo  files=1  caption='New girl. Old 1959 Kodak Retinette IA. Still functions 100% '
2026-04-13 16:12:15 | INFO | [OK]   #  18  day=1  slot=17:31  type=photo  files=1  caption='Beast Impalor, live @ The Vault'
2026-04-13 16:12:15 | INFO | [OK]   #  19  day=1  slot=18:04  type=photo  files=1  caption='Beast Impalor, live @ The Vault'
2026-04-13 16:12:15 | INFO | [OK]   #  20  day=1  slot=18:38  type=album  files=9  caption='Beast Impalor, live @ The Vault'
2026-04-13 16:12:15 | INFO | [OK]   #  21  day=1  slot=19:12  type=album  files=10  caption='From Love to Violence, live @ The Vault'
2026-04-13 16:12:15 | INFO | [OK]   #  22  day=1  slot=19:45  type=photo  files=1  caption='I've written a new article about the impact of the infamous '
2026-04-13 16:12:15 | INFO | [OK]   #  23  day=1  slot=20:19  type=album  files=8  caption='Horrorwood Mannequins'
2026-04-13 16:12:15 | INFO | [OK]   #  24  day=1  slot=20:52  type=photo  files=1  caption='Horrorwood Mannequins'
2026-04-13 16:12:15 | INFO | [OK]   #  25  day=1  slot=21:26  type=photo  files=1  caption='Want to know what to do with Red Lighting at a gig? I've sta'
2026-04-13 16:12:15 | INFO | [OK]   #  26  day=2  slot=08:00  type=photo  files=1  caption='Anyone for a read about how I process my work, I'm starting '
2026-04-13 16:12:15 | INFO | [OK]   #  27  day=2  slot=08:33  type=photo  files=1  caption='Frankenbok Live @ The Vault'
2026-04-13 16:12:15 | WARNING | [WARN] #  28  day=2  slot=09:07  type=photo  files=1  (no caption)
2026-04-13 16:12:15 | WARNING | [WARN] #  29  day=2  slot=09:40  type=photo  files=1  (no caption)
2026-04-13 16:12:15 | WARNING | [WARN] #  30  day=2  slot=10:14  type=photo  files=1  (no caption)
2026-04-13 16:12:15 | WARNING | [WARN] #  31  day=2  slot=10:48  type=photo  files=1  (no caption)
2026-04-13 16:12:15 | WARNING | [WARN] #  32  day=2  slot=11:21  type=photo  files=1  (no caption)
2026-04-13 16:12:15 | WARNING | [WARN] #  33  day=2  slot=11:55  type=photo  files=1  (no caption)
2026-04-13 16:12:15 | WARNING | [WARN] #  34  day=2  slot=12:28  type=photo  files=1  (no caption)
2026-04-13 16:12:15 | WARNING | [WARN] #  35  day=2  slot=13:02  type=photo  files=1  (no caption)
2026-04-13 16:12:15 | WARNING | [WARN] #  36  day=2  slot=13:36  type=photo  files=1  (no caption)
2026-04-13 16:12:15 | WARNING | [WARN] #  37  day=2  slot=14:09  type=photo  files=1  (no caption)
2026-04-13 16:12:15 | WARNING | [WARN] #  38  day=2  slot=14:43  type=photo  files=1  (no caption)
2026-04-13 16:12:15 | WARNING | [WARN] #  39  day=2  slot=15:16  type=photo  files=1  (no caption)
2026-04-13 16:12:15 | WARNING | [WARN] #  40  day=2  slot=15:50  type=photo  files=1  (no caption)
2026-04-13 16:12:15 | WARNING | [WARN] #  41  day=2  slot=16:24  type=photo  files=1  (no caption)
2026-04-13 16:12:15 | WARNING | [WARN] #  42  day=2  slot=16:57  type=photo  files=1  (no caption)
2026-04-13 16:12:15 | WARNING | [WARN] #  43  day=2  slot=17:31  type=photo  files=1  (no caption)
2026-04-13 16:12:15 | WARNING | [WARN] #  44  day=2  slot=18:04  type=photo  files=1  (no caption)
2026-04-13 16:12:15 | WARNING | [WARN] #  45  day=2  slot=18:38  type=photo  files=1  (no caption)
2026-04-13 16:12:15 | WARNING | [WARN] #  46  day=2  slot=19:12  type=photo  files=1  (no caption)
2026-04-13 16:12:15 | WARNING | [WARN] #  47  day=2  slot=19:45  type=photo  files=1  (no caption)
2026-04-13 16:12:15 | WARNING | [WARN] #  48  day=2  slot=20:19  type=photo  files=1  (no caption)
2026-04-13 16:12:15 | WARNING | [WARN] #  49  day=2  slot=20:52  type=photo  files=1  (no caption)
2026-04-13 16:12:15 | WARNING | [WARN] #  50  day=2  slot=21:26  type=photo  files=1  (no caption)
2026-04-13 16:12:15 | WARNING | [WARN] #  51  day=3  slot=08:00  type=photo  files=1  (no caption)
2026-04-13 16:12:15 | WARNING | [WARN] #  52  day=3  slot=08:33  type=photo  files=1  (no caption)
2026-04-13 16:12:15 | WARNING | [WARN] #  53  day=3  slot=09:07  type=photo  files=1  (no caption)
2026-04-13 16:12:15 | WARNING | [WARN] #  54  day=3  slot=09:40  type=photo  files=1  (no caption)
2026-04-13 16:12:15 | WARNING | [WARN] #  55  day=3  slot=10:14  type=photo  files=1  (no caption)
2026-04-13 16:12:15 | WARNING | [WARN] #  56  day=3  slot=10:48  type=photo  files=1  (no caption)
2026-04-13 16:12:15 | WARNING | [WARN] #  57  day=3  slot=11:21  type=photo  files=1  (no caption)
2026-04-13 16:12:15 | WARNING | [WARN] #  58  day=3  slot=11:55  type=photo  files=1  (no caption)
2026-04-13 16:12:15 | WARNING | [WARN] #  59  day=3  slot=12:28  type=photo  files=1  (no caption)
2026-04-13 16:12:15 | WARNING | [WARN] #  60  day=3  slot=13:02  type=photo  files=1  (no caption)
2026-04-13 16:12:15 | WARNING | [WARN] #  61  day=3  slot=13:36  type=photo  files=1  (no caption)
2026-04-13 16:12:15 | WARNING | [WARN] #  62  day=3  slot=14:09  type=photo  files=1  (no caption)
2026-04-13 16:12:15 | WARNING | [WARN] #  63  day=3  slot=14:43  type=photo  files=1  (no caption)
2026-04-13 16:12:15 | WARNING | [WARN] #  64  day=3  slot=15:16  type=photo  files=1  (no caption)
2026-04-13 16:12:15 | WARNING | [WARN] #  65  day=3  slot=15:50  type=photo  files=1  (no caption)
2026-04-13 16:12:15 | WARNING | [WARN] #  66  day=3  slot=16:24  type=photo  files=1  (no caption)
2026-04-13 16:12:15 | WARNING | [WARN] #  67  day=3  slot=16:57  type=photo  files=1  (no caption)
2026-04-13 16:12:15 | WARNING | [WARN] #  68  day=3  slot=17:31  type=photo  files=1  (no caption)
2026-04-13 16:12:15 | WARNING | [WARN] #  69  day=3  slot=18:04  type=photo  files=1  (no caption)
2026-04-13 16:12:15 | INFO | [OK]   #  70  day=3  slot=18:38  type=photo  files=1  caption='Tonight at Newcastle Leagues! ð'
2026-04-13 16:12:15 | WARNING | [WARN] #  71  day=3  slot=19:12  type=photo  files=1  (no caption)
2026-04-13 16:12:15 | WARNING | [WARN] #  72  day=3  slot=19:45  type=photo  files=1  (no caption)
2026-04-13 16:12:15 | WARNING | [WARN] #  73  day=3  slot=20:19  type=photo  files=1  (no caption)
2026-04-13 16:12:15 | WARNING | [WARN] #  74  day=3  slot=20:52  type=photo  files=1  (no caption)
2026-04-13 16:12:15 | WARNING | [WARN] #  75  day=3  slot=21:26  type=photo  files=1  (no caption)
2026-04-13 16:12:15 | WARNING | [WARN] #  76  day=4  slot=08:00  type=photo  files=1  (no caption)
2026-04-13 16:12:15 | WARNING | [WARN] #  77  day=4  slot=08:33  type=photo  files=1  (no caption)
2026-04-13 16:12:15 | WARNING | [WARN] #  78  day=4  slot=09:07  type=photo  files=1  (no caption)
2026-04-13 16:12:15 | WARNING | [WARN] #  79  day=4  slot=09:40  type=photo  files=1  (no caption)
2026-04-13 16:12:15 | WARNING | [WARN] #  80  day=4  slot=10:14  type=photo  files=1  (no caption)
2026-04-13 16:12:15 | WARNING | [WARN] #  81  day=4  slot=10:48  type=photo  files=1  (no caption)
2026-04-13 16:12:15 | WARNING | [WARN] #  82  day=4  slot=11:21  type=photo  files=1  (no caption)
2026-04-13 16:12:15 | WARNING | [WARN] #  83  day=4  slot=11:55  type=photo  files=1  (no caption)
2026-04-13 16:12:15 | WARNING | [WARN] #  84  day=4  slot=12:28  type=photo  files=1  (no caption)
2026-04-13 16:12:15 | WARNING | [WARN] #  85  day=4  slot=13:02  type=photo  files=1  (no caption)
2026-04-13 16:12:15 | WARNING | [WARN] #  86  day=4  slot=13:36  type=photo  files=1  (no caption)
2026-04-13 16:12:15 | WARNING | [WARN] #  87  day=4  slot=14:09  type=photo  files=1  (no caption)
2026-04-13 16:12:15 | WARNING | [WARN] #  88  day=4  slot=14:43  type=photo  files=1  (no caption)
2026-04-13 16:12:15 | WARNING | [WARN] #  89  day=4  slot=15:16  type=photo  files=1  (no caption)
2026-04-13 16:12:15 | WARNING | [WARN] #  90  day=4  slot=15:50  type=photo  files=1  (no caption)
2026-04-13 16:12:15 | WARNING | [WARN] #  91  day=4  slot=16:24  type=photo  files=1  (no caption)
2026-04-13 16:12:15 | WARNING | [WARN] #  92  day=4  slot=16:57  type=photo  files=1  (no caption)
2026-04-13 16:12:15 | WARNING | [WARN] #  93  day=4  slot=17:31  type=photo  files=1  (no caption)
2026-04-13 16:12:15 | WARNING | [WARN] #  94  day=4  slot=18:04  type=photo  files=1  (no caption)
2026-04-13 16:12:15 | WARNING | [WARN] #  95  day=4  slot=18:38  type=photo  files=1  (no caption)
2026-04-13 16:12:15 | WARNING | [WARN] #  96  day=4  slot=19:12  type=photo  files=1  (no caption)
2026-04-13 16:12:15 | WARNING | [WARN] #  97  day=4  slot=19:45  type=photo  files=1  (no caption)
2026-04-13 16:12:15 | WARNING | [WARN] #  98  day=4  slot=20:19  type=photo  files=1  (no caption)
2026-04-13 16:12:15 | WARNING | [WARN] #  99  day=4  slot=20:52  type=photo  files=1  (no caption)
2026-04-13 16:12:15 | WARNING | [WARN] # 100  day=4  slot=21:26  type=photo  files=1  (no caption)
2026-04-13 16:12:15 | WARNING | [WARN] # 101  day=5  slot=08:00  type=photo  files=1  (no caption)
2026-04-13 16:12:15 | WARNING | [WARN] # 102  day=5  slot=08:33  type=photo  files=1  (no caption)
2026-04-13 16:12:15 | WARNING | [WARN] # 103  day=5  slot=09:07  type=photo  files=1  (no caption)
2026-04-13 16:12:15 | WARNING | [WARN] # 104  day=5  slot=09:40  type=photo  files=1  (no caption)
2026-04-13 16:12:15 | WARNING | [WARN] # 105  day=5  slot=10:14  type=photo  files=1  (no caption)
2026-04-13 16:12:15 | WARNING | [WARN] # 106  day=5  slot=10:48  type=photo  files=1  (no caption)
2026-04-13 16:12:15 | WARNING | [WARN] # 107  day=5  slot=11:21  type=photo  files=1  (no caption)
2026-04-13 16:12:15 | WARNING | [WARN] # 108  day=5  slot=11:55  type=photo  files=1  (no caption)
2026-04-13 16:12:15 | WARNING | [WARN] # 109  day=5  slot=12:28  type=photo  files=1  (no caption)
2026-04-13 16:12:15 | WARNING | [WARN] # 110  day=5  slot=13:02  type=photo  files=1  (no caption)
2026-04-13 16:12:15 | WARNING | [WARN] # 111  day=5  slot=13:36  type=photo  files=1  (no caption)
2026-04-13 16:12:15 | WARNING | [WARN] # 112  day=5  slot=14:09  type=photo  files=1  (no caption)
2026-04-13 16:12:15 | WARNING | [WARN] # 113  day=5  slot=14:43  type=photo  files=1  (no caption)
2026-04-13 16:12:15 | WARNING | [WARN] # 114  day=5  slot=15:16  type=photo  files=1  (no caption)
2026-04-13 16:12:15 | WARNING | [WARN] # 115  day=5  slot=15:50  type=photo  files=1  (no caption)
2026-04-13 16:12:15 | WARNING | [WARN] # 116  day=5  slot=16:24  type=photo  files=1  (no caption)
2026-04-13 16:12:15 | WARNING | [WARN] # 117  day=5  slot=16:57  type=photo  files=1  (no caption)
2026-04-13 16:12:15 | INFO | [OK]   # 118  day=5  slot=17:31  type=photo  files=1  caption='And here is the recolour. 7 hours and 35 layers of Photoshop'
2026-04-13 16:12:15 | INFO | [OK]   # 119  day=5  slot=18:04  type=photo  files=1  caption='Restored an old picture yesterday. This is the original, all'
2026-04-13 16:12:15 | WARNING | [WARN] # 120  day=5  slot=18:38  type=photo  files=1  (no caption)
2026-04-13 16:12:15 | WARNING | [WARN] # 121  day=5  slot=19:12  type=photo  files=1  (no caption)
2026-04-13 16:12:15 | WARNING | [WARN] # 122  day=5  slot=19:45  type=photo  files=1  (no caption)
2026-04-13 16:12:15 | WARNING | [WARN] # 123  day=5  slot=20:19  type=photo  files=1  (no caption)
2026-04-13 16:12:15 | WARNING | [WARN] # 124  day=5  slot=20:52  type=photo  files=1  (no caption)
2026-04-13 16:12:15 | WARNING | [WARN] # 125  day=5  slot=21:26  type=photo  files=1  (no caption)
2026-04-13 16:12:15 | WARNING | [WARN] # 126  day=6  slot=08:00  type=photo  files=1  (no caption)
2026-04-13 16:12:15 | WARNING | [WARN] # 127  day=6  slot=08:33  type=photo  files=1  (no caption)
2026-04-13 16:12:15 | WARNING | [WARN] # 128  day=6  slot=09:07  type=photo  files=1  (no caption)
2026-04-13 16:12:15 | WARNING | [WARN] # 129  day=6  slot=09:40  type=photo  files=1  (no caption)
2026-04-13 16:12:15 | WARNING | [WARN] # 130  day=6  slot=10:14  type=photo  files=1  (no caption)
2026-04-13 16:12:15 | WARNING | [WARN] # 131  day=6  slot=10:48  type=photo  files=1  (no caption)
2026-04-13 16:12:15 | WARNING | [WARN] # 132  day=6  slot=11:21  type=photo  files=1  (no caption)
2026-04-13 16:12:15 | WARNING | [WARN] # 133  day=6  slot=11:55  type=photo  files=1  (no caption)
2026-04-13 16:12:15 | WARNING | [WARN] # 134  day=6  slot=12:28  type=photo  files=1  (no caption)
2026-04-13 16:12:15 | WARNING | [WARN] # 135  day=6  slot=13:02  type=photo  files=1  (no caption)
2026-04-13 16:12:15 | WARNING | [WARN] # 136  day=6  slot=13:36  type=photo  files=1  (no caption)
2026-04-13 16:12:15 | WARNING | [WARN] # 137  day=6  slot=14:09  type=photo  files=1  (no caption)
2026-04-13 16:12:15 | WARNING | [WARN] # 138  day=6  slot=14:43  type=photo  files=1  (no caption)
2026-04-13 16:12:15 | WARNING | [WARN] # 139  day=6  slot=15:16  type=photo  files=1  (no caption)
2026-04-13 16:12:15 | WARNING | [WARN] # 140  day=6  slot=15:50  type=photo  files=1  (no caption)
2026-04-13 16:12:15 | WARNING | [WARN] # 141  day=6  slot=16:24  type=photo  files=1  (no caption)
2026-04-13 16:12:15 | WARNING | [WARN] # 142  day=6  slot=16:57  type=photo  files=1  (no caption)
2026-04-13 16:12:15 | WARNING | [WARN] # 143  day=6  slot=17:31  type=photo  files=1  (no caption)
2026-04-13 16:12:15 | WARNING | [WARN] # 144  day=6  slot=18:04  type=photo  files=1  (no caption)
2026-04-13 16:12:15 | WARNING | [WARN] # 145  day=6  slot=18:38  type=photo  files=1  (no caption)
2026-04-13 16:12:15 | WARNING | [WARN] # 146  day=6  slot=19:12  type=photo  files=1  (no caption)
2026-04-13 16:12:15 | WARNING | [WARN] # 147  day=6  slot=19:45  type=photo  files=1  (no caption)
2026-04-13 16:12:15 | WARNING | [WARN] # 148  day=6  slot=20:19  type=photo  files=1  (no caption)
2026-04-13 16:12:15 | WARNING | [WARN] # 149  day=6  slot=20:52  type=photo  files=1  (no caption)
2026-04-13 16:12:15 | WARNING | [WARN] # 150  day=6  slot=21:26  type=photo  files=1  (no caption)
2026-04-13 16:12:15 | WARNING | [WARN] # 151  day=7  slot=08:00  type=photo  files=1  (no caption)
2026-04-13 16:12:15 | WARNING | [WARN] # 152  day=7  slot=08:33  type=photo  files=1  (no caption)
2026-04-13 16:12:15 | WARNING | [WARN] # 153  day=7  slot=09:07  type=photo  files=1  (no caption)
2026-04-13 16:12:15 | WARNING | [WARN] # 154  day=7  slot=09:40  type=photo  files=1  (no caption)
2026-04-13 16:12:15 | WARNING | [WARN] # 155  day=7  slot=10:14  type=photo  files=1  (no caption)
2026-04-13 16:12:15 | WARNING | [WARN] # 156  day=7  slot=10:48  type=photo  files=1  (no caption)
2026-04-13 16:12:15 | WARNING | [WARN] # 157  day=7  slot=11:21  type=photo  files=1  (no caption)
2026-04-13 16:12:15 | WARNING | [WARN] # 158  day=7  slot=11:55  type=photo  files=1  (no caption)
2026-04-13 16:12:15 | WARNING | [WARN] # 159  day=7  slot=12:28  type=photo  files=1  (no caption)
2026-04-13 16:12:15 | WARNING | [WARN] # 160  day=7  slot=13:02  type=photo  files=1  (no caption)
2026-04-13 16:12:15 | WARNING | [WARN] # 161  day=7  slot=13:36  type=photo  files=1  (no caption)
2026-04-13 16:12:15 | WARNING | [WARN] # 162  day=7  slot=14:09  type=photo  files=1  (no caption)
2026-04-13 16:12:15 | WARNING | [WARN] # 163  day=7  slot=14:43  type=photo  files=1  (no caption)
2026-04-13 16:12:15 | INFO | [OK]   # 164  day=7  slot=15:16  type=photo  files=1  caption='This is on tonight! The last time I saw these guys they were'
2026-04-13 16:12:15 | WARNING | [WARN] # 165  day=7  slot=15:50  type=photo  files=1  (no caption)
2026-04-13 16:12:15 | WARNING | [WARN] # 166  day=7  slot=16:24  type=photo  files=1  (no caption)
2026-04-13 16:12:15 | WARNING | [WARN] # 167  day=7  slot=16:57  type=photo  files=1  (no caption)
2026-04-13 16:12:15 | WARNING | [WARN] # 168  day=7  slot=17:31  type=photo  files=1  (no caption)
2026-04-13 16:12:15 | WARNING | [WARN] # 169  day=7  slot=18:04  type=photo  files=1  (no caption)
2026-04-13 16:12:15 | WARNING | [WARN] # 170  day=7  slot=18:38  type=photo  files=1  (no caption)
2026-04-13 16:12:15 | WARNING | [WARN] # 171  day=7  slot=19:12  type=photo  files=1  (no caption)
2026-04-13 16:12:15 | WARNING | [WARN] # 172  day=7  slot=19:45  type=photo  files=1  (no caption)
2026-04-13 16:12:15 | WARNING | [WARN] # 173  day=7  slot=20:19  type=photo  files=1  (no caption)
2026-04-13 16:12:15 | WARNING | [WARN] # 174  day=7  slot=20:52  type=photo  files=1  (no caption)
2026-04-13 16:12:15 | WARNING | [WARN] # 175  day=7  slot=21:26  type=photo  files=1  (no caption)
2026-04-13 16:12:15 | WARNING | [WARN] # 176  day=8  slot=08:00  type=photo  files=1  (no caption)
2026-04-13 16:12:15 | WARNING | [WARN] # 177  day=8  slot=08:33  type=photo  files=1  (no caption)
2026-04-13 16:12:15 | WARNING | [WARN] # 178  day=8  slot=09:07  type=photo  files=1  (no caption)
2026-04-13 16:12:15 | WARNING | [WARN] # 179  day=8  slot=09:40  type=photo  files=1  (no caption)
2026-04-13 16:12:15 | WARNING | [WARN] # 180  day=8  slot=10:14  type=photo  files=1  (no caption)
2026-04-13 16:12:15 | WARNING | [WARN] # 181  day=8  slot=10:48  type=photo  files=1  (no caption)
2026-04-13 16:12:15 | WARNING | [WARN] # 182  day=8  slot=11:21  type=photo  files=1  (no caption)
2026-04-13 16:12:15 | WARNING | [WARN] # 183  day=8  slot=11:55  type=photo  files=1  (no caption)
2026-04-13 16:12:15 | WARNING | [WARN] # 184  day=8  slot=12:28  type=photo  files=1  (no caption)
2026-04-13 16:12:15 | WARNING | [WARN] # 185  day=8  slot=13:02  type=photo  files=1  (no caption)
2026-04-13 16:12:15 | WARNING | [WARN] # 186  day=8  slot=13:36  type=photo  files=1  (no caption)
2026-04-13 16:12:15 | INFO | [OK]   # 187  day=8  slot=14:09  type=photo  files=1  caption='The current collection of, collectables, toys and work gear.'
2026-04-13 16:12:15 | WARNING | [WARN] # 188  day=8  slot=14:43  type=photo  files=1  (no caption)
2026-04-13 16:12:15 | WARNING | [WARN] # 189  day=8  slot=15:16  type=photo  files=1  (no caption)
2026-04-13 16:12:15 | WARNING | [WARN] # 190  day=8  slot=15:50  type=photo  files=1  (no caption)
2026-04-13 16:12:15 | WARNING | [WARN] # 191  day=8  slot=16:24  type=photo  files=1  (no caption)
2026-04-13 16:12:15 | WARNING | [WARN] # 192  day=8  slot=16:57  type=photo  files=1  (no caption)
2026-04-13 16:12:15 | WARNING | [WARN] # 193  day=8  slot=17:31  type=photo  files=1  (no caption)
2026-04-13 16:12:15 | WARNING | [WARN] # 194  day=8  slot=18:04  type=photo  files=1  (no caption)
2026-04-13 16:12:15 | WARNING | [WARN] # 195  day=8  slot=18:38  type=photo  files=1  (no caption)
2026-04-13 16:12:15 | WARNING | [WARN] # 196  day=8  slot=19:12  type=photo  files=1  (no caption)
2026-04-13 16:12:15 | WARNING | [WARN] # 197  day=8  slot=19:45  type=photo  files=1  (no caption)
2026-04-13 16:12:15 | WARNING | [WARN] # 198  day=8  slot=20:19  type=photo  files=1  (no caption)
2026-04-13 16:12:15 | WARNING | [WARN] # 199  day=8  slot=20:52  type=photo  files=1  (no caption)
2026-04-13 16:12:15 | WARNING | [WARN] # 200  day=8  slot=21:26  type=photo  files=1  (no caption)
2026-04-13 16:12:15 | WARNING | [WARN] # 201  day=9  slot=08:00  type=photo  files=1  (no caption)
2026-04-13 16:12:15 | WARNING | [WARN] # 202  day=9  slot=08:33  type=photo  files=1  (no caption)
2026-04-13 16:12:15 | WARNING | [WARN] # 203  day=9  slot=09:07  type=photo  files=1  (no caption)
2026-04-13 16:12:15 | WARNING | [WARN] # 204  day=9  slot=09:40  type=photo  files=1  (no caption)
2026-04-13 16:12:15 | WARNING | [WARN] # 205  day=9  slot=10:14  type=photo  files=1  (no caption)
2026-04-13 16:12:15 | WARNING | [WARN] # 206  day=9  slot=10:48  type=photo  files=1  (no caption)
2026-04-13 16:12:15 | WARNING | [WARN] # 207  day=9  slot=11:21  type=photo  files=1  (no caption)
2026-04-13 16:12:15 | WARNING | [WARN] # 208  day=9  slot=11:55  type=photo  files=1  (no caption)
2026-04-13 16:12:15 | WARNING | [WARN] # 209  day=9  slot=12:28  type=photo  files=1  (no caption)
2026-04-13 16:12:15 | WARNING | [WARN] # 210  day=9  slot=13:02  type=photo  files=1  (no caption)
2026-04-13 16:12:15 | WARNING | [WARN] # 211  day=9  slot=13:36  type=photo  files=1  (no caption)
2026-04-13 16:12:15 | WARNING | [WARN] # 212  day=9  slot=14:09  type=photo  files=1  (no caption)
2026-04-13 16:12:15 | WARNING | [WARN] # 213  day=9  slot=14:43  type=photo  files=1  (no caption)
2026-04-13 16:12:15 | WARNING | [WARN] # 214  day=9  slot=15:16  type=photo  files=1  (no caption)
2026-04-13 16:12:15 | WARNING | [WARN] # 215  day=9  slot=15:50  type=photo  files=1  (no caption)
2026-04-13 16:12:15 | WARNING | [WARN] # 216  day=9  slot=16:24  type=photo  files=1  (no caption)
2026-04-13 16:12:15 | WARNING | [WARN] # 217  day=9  slot=16:57  type=photo  files=1  (no caption)
2026-04-13 16:12:15 | WARNING | [WARN] # 218  day=9  slot=17:31  type=photo  files=1  (no caption)
2026-04-13 16:12:15 | INFO | [OK]   # 219  day=9  slot=18:04  type=photo  files=1  caption='The work corner.'
2026-04-13 16:12:15 | WARNING | [WARN] # 220  day=9  slot=18:38  type=photo  files=1  (no caption)
2026-04-13 16:12:15 | WARNING | [WARN] # 221  day=9  slot=19:12  type=photo  files=1  (no caption)
2026-04-13 16:12:15 | WARNING | [WARN] # 222  day=9  slot=19:45  type=photo  files=1  (no caption)
2026-04-13 16:12:15 | WARNING | [WARN] # 223  day=9  slot=20:19  type=photo  files=1  (no caption)
2026-04-13 16:12:15 | WARNING | [WARN] # 224  day=9  slot=20:52  type=photo  files=1  (no caption)
2026-04-13 16:12:15 | WARNING | [WARN] # 225  day=9  slot=21:26  type=photo  files=1  (no caption)
2026-04-13 16:12:15 | WARNING | [WARN] # 226  day=10  slot=08:00  type=photo  files=1  (no caption)
2026-04-13 16:12:15 | WARNING | [WARN] # 227  day=10  slot=08:33  type=photo  files=1  (no caption)
2026-04-13 16:12:15 | WARNING | [WARN] # 228  day=10  slot=09:07  type=photo  files=1  (no caption)
2026-04-13 16:12:15 | WARNING | [WARN] # 229  day=10  slot=09:40  type=photo  files=1  (no caption)
2026-04-13 16:12:15 | WARNING | [WARN] # 230  day=10  slot=10:14  type=photo  files=1  (no caption)
2026-04-13 16:12:15 | WARNING | [WARN] # 231  day=10  slot=10:48  type=photo  files=1  (no caption)
2026-04-13 16:12:15 | WARNING | [WARN] # 232  day=10  slot=11:21  type=photo  files=1  (no caption)
2026-04-13 16:12:15 | WARNING | [WARN] # 233  day=10  slot=11:55  type=photo  files=1  (no caption)
2026-04-13 16:12:15 | WARNING | [WARN] # 234  day=10  slot=12:28  type=photo  files=1  (no caption)
2026-04-13 16:12:15 | WARNING | [WARN] # 235  day=10  slot=13:02  type=photo  files=1  (no caption)
2026-04-13 16:12:15 | WARNING | [WARN] # 236  day=10  slot=13:36  type=photo  files=1  (no caption)
2026-04-13 16:12:15 | WARNING | [WARN] # 237  day=10  slot=14:09  type=photo  files=1  (no caption)
2026-04-13 16:12:15 | WARNING | [WARN] # 238  day=10  slot=14:43  type=photo  files=1  (no caption)
2026-04-13 16:12:15 | WARNING | [WARN] # 239  day=10  slot=15:16  type=photo  files=1  (no caption)
2026-04-13 16:12:15 | WARNING | [WARN] # 240  day=10  slot=15:50  type=photo  files=1  (no caption)
2026-04-13 16:12:15 | WARNING | [WARN] # 241  day=10  slot=16:24  type=photo  files=1  (no caption)
2026-04-13 16:12:15 | WARNING | [WARN] # 242  day=10  slot=16:57  type=photo  files=1  (no caption)
2026-04-13 16:12:15 | WARNING | [WARN] # 243  day=10  slot=17:31  type=photo  files=1  (no caption)
2026-04-13 16:12:15 | WARNING | [WARN] # 244  day=10  slot=18:04  type=photo  files=1  (no caption)
2026-04-13 16:12:15 | WARNING | [WARN] # 245  day=10  slot=18:38  type=photo  files=1  (no caption)
2026-04-13 16:12:15 | WARNING | [WARN] # 246  day=10  slot=19:12  type=photo  files=1  (no caption)
2026-04-13 16:12:15 | WARNING | [WARN] # 247  day=10  slot=19:45  type=photo  files=1  (no caption)
2026-04-13 16:12:15 | WARNING | [WARN] # 248  day=10  slot=20:19  type=photo  files=1  (no caption)
2026-04-13 16:12:15 | WARNING | [WARN] # 249  day=10  slot=20:52  type=photo  files=1  (no caption)
2026-04-13 16:12:15 | WARNING | [WARN] # 250  day=10  slot=21:26  type=photo  files=1  (no caption)
2026-04-13 16:12:15 | INFO | ============================================================
2026-04-13 16:12:15 | INFO | SUMMARY  total=250  ok=250  warn=224  fail=0
2026-04-13 16:12:15 | INFO | All posts look good — ready for a real run.
2026-04-13 16:12:15 | INFO | ============================================================
