2026-04-13 17:14:29 | INFO | Using export root: JSON/theoak.tigheshill
2026-04-13 17:14:29 | INFO | Using export root: JSON/theoak.tigheshill
2026-04-13 17:14:29 | INFO | Loaded 265 valid post(s) from JSON/theoak.tigheshill/your_instagram_activity/media/posts_1.json.
2026-04-13 17:14:29 | INFO | Feature disabled: reposts
2026-04-13 17:14:29 | INFO | Feature disabled: archived_posts
2026-04-13 17:14:29 | INFO | Feature disabled: igtv
2026-04-13 17:14:29 | INFO | Feature disabled: stories_dry_count
2026-04-13 17:14:29 | INFO | Feature disabled: profile_dry_check
2026-04-13 17:14:29 | INFO | Feature disabled: following_dry_count
2026-04-13 17:14:29 | INFO | ============================================================
2026-04-13 17:14:29 | INFO | DRY RUN — JSON validation report
2026-04-13 17:14:29 | INFO |   Posts file  : JSON/theoak.tigheshill/your_instagram_activity/media/posts_1.json
2026-04-13 17:14:29 | INFO |   Export root : JSON/theoak.tigheshill
2026-04-13 17:14:29 | INFO |   Total posts : 265
2026-04-13 17:14:29 | INFO |   Schedule    : 25/day  08:00 – 22:00  → slots: 08:00, 08:33, 09:07, 09:40, 10:14 … (+20 more)
2026-04-13 17:14:29 | INFO |   Days to complete upload at current rate: 11
2026-04-13 17:14:29 | INFO | ============================================================
2026-04-13 17:14:29 | INFO | [OK]   #   1  day=1  slot=08:00  type=photo  files=1  caption='What’s crazier - the fact that we’re selling delicious thigh'
2026-04-13 17:14:29 | INFO | [OK]   #   2  day=1  slot=08:33  type=album  files=4  caption='Thanks to everyone who came through over the weekend! It was'
2026-04-13 17:14:29 | INFO | [OK]   #   3  day=1  slot=09:07  type=album  files=9  caption='It’s April - don’t be a fool, come and catch some live music'
2026-04-13 17:14:29 | INFO | [OK]   #   4  day=1  slot=09:40  type=album  files=6  caption='OAK FOLK! 🫶 We’re open from 10am til late today and tomorrow'
2026-04-13 17:14:29 | INFO | [OK]   #   5  day=1  slot=10:14  type=photo  files=1  caption='Happy Easter to those who celebrate!  Our kitchen will be op'
2026-04-13 17:14:29 | INFO | [OK]   #   6  day=1  slot=10:48  type=photo  files=1  caption='Underrated haircut, underrated fish - were serving up scinti'
2026-04-13 17:14:29 | INFO | [OK]   #   7  day=1  slot=11:21  type=album  files=3  caption='$9999 that’s a lot of car beers⛽️ come in for a $15 burger a'
2026-04-13 17:14:29 | INFO | [OK]   #   8  day=1  slot=11:55  type=album  files=5  caption='OAK FOLK❤️‍🔥 who’s coming in for a $15 schnitt tonight? 🙋🙋‍♀'
2026-04-13 17:14:29 | INFO | [OK]   #   9  day=1  slot=12:28  type=photo  files=1  caption='WEDNESDAY $15 Schnitzels $20 Parmi (vego & vegan option avai'
2026-04-13 17:14:29 | INFO | [OK]   #  10  day=1  slot=13:02  type=photo  files=1  caption='If you turn up to our wings night expecting a Paul McCartney'
2026-04-13 17:14:29 | INFO | [OK]   #  11  day=1  slot=13:36  type=album  files=2  caption='TONIGHT!! We have the very rare opening of a few tables for '
2026-04-13 17:14:29 | INFO | [OK]   #  12  day=1  slot=14:09  type=photo  files=1  caption='Top of the mornin’ to ye. Today we pour one out and have one'
2026-04-13 17:14:29 | INFO | [OK]   #  13  day=1  slot=14:43  type=album  files=5  caption='File this one under silly things we’ve done for content #746'
2026-04-13 17:14:29 | INFO | [OK]   #  14  day=1  slot=15:16  type=album  files=2  caption='Say NO to breasts… and come in for a thigh schnitty tonight!'
2026-04-13 17:14:29 | INFO | [OK]   #  15  day=1  slot=15:50  type=album  files=4  caption='OAK FOLK ❤️‍🔥 Kids eat FREE today from 12-5!  Live jazz from'
2026-04-13 17:14:29 | INFO | [OK]   #  16  day=1  slot=16:24  type=album  files=2  caption='If you win our $9999 Joker Jackpot this evening, you could b'
2026-04-13 17:14:29 | INFO | [OK]   #  17  day=1  slot=16:57  type=album  files=4  caption='Oak Folk 📸 🫶   $10 MARGARITAS 3-5 today!  + @pc___dysco on t'
2026-04-13 17:14:29 | INFO | [OK]   #  18  day=1  slot=17:31  type=photo  files=1  caption='This Sunday our pal Knives (founder of Pino’s) is giving our'
2026-04-13 17:14:29 | INFO | [OK]   #  19  day=1  slot=18:04  type=album  files=2  caption='💥 DINNER FOR TWO GIVEAWAY 💥  To launch our new Tuesday night'
2026-04-13 17:14:29 | INFO | [OK]   #  20  day=1  slot=18:38  type=album  files=5  caption='You don’t *have* to buy 1000 @younghenrys beers at the pub i'
2026-04-13 17:14:29 | INFO | [OK]   #  21  day=1  slot=19:12  type=album  files=3  caption='Battle of the specials. Choose your fighter:  Pan-fried Ling'
2026-04-13 17:14:29 | INFO | [OK]   #  22  day=1  slot=19:45  type=album  files=4  caption='Oak folk! Come for a beer, stay for a chin wag.   Tonight we'
2026-04-13 17:14:29 | INFO | [OK]   #  23  day=1  slot=20:19  type=photo  files=1  caption='Our schnit is so good it deserves a wide shot and some overl'
2026-04-13 17:14:29 | INFO | [OK]   #  24  day=1  slot=20:52  type=photo  files=1  caption='Just think…  It’s the 1st Wednesday of the year and that mea'
2026-04-13 17:14:29 | INFO | [OK]   #  25  day=1  slot=21:26  type=album  files=14  caption='Thanks for an awesome 2025! Shoutout to our staff, family, r'
2026-04-13 17:14:29 | INFO | [OK]   #  26  day=2  slot=08:00  type=photo  files=1  caption='Happy Flipping GRAVY DAY  The day we have all been waiting 3'
2026-04-13 17:14:29 | INFO | [OK]   #  27  day=2  slot=08:33  type=photo  files=1  caption='We bloody love the bay… especially their tuna!   FISH OF THE'
2026-04-13 17:14:29 | INFO | [OK]   #  28  day=2  slot=09:07  type=album  files=2  caption='The pub mascot is diving into the weekend and you should too'
2026-04-13 17:14:29 | INFO | [OK]   #  29  day=2  slot=09:40  type=album  files=2  caption='In honour of Drag’s ‘Rip 4 Trad Relapse’ premiere tonight, w'
2026-04-13 17:14:29 | INFO | [OK]   #  30  day=2  slot=10:14  type=album  files=6  caption='Get into the pub this afternoon and collect the holy trifect'
2026-04-13 17:14:29 | INFO | [OK]   #  31  day=2  slot=10:48  type=photo  files=1  caption='With every week that goes past, you become statistically mor'
2026-04-13 17:14:29 | INFO | [OK]   #  32  day=2  slot=11:21  type=album  files=2  caption='TONIGHT!! Worst case scenario, you have a few beers and a $1'
2026-04-13 17:14:29 | INFO | [OK]   #  33  day=2  slot=11:55  type=album  files=2  caption='Ploughman’s plate and triple parked - not a bad way to start'
2026-04-13 17:14:29 | INFO | [OK]   #  34  day=2  slot=12:28  type=photo  files=1  caption='Rump day, right after hump day - come in and get your steak '
2026-04-13 17:14:29 | INFO | [OK]   #  35  day=2  slot=13:02  type=photo  files=1  caption='All burgers $15, a $9999 joker jackpot and meat raffles(draw'
2026-04-13 17:14:29 | INFO | [OK]   #  36  day=2  slot=13:36  type=photo  files=1  caption='We normally wouldn’t recommend taking life advice off a shir'
2026-04-13 17:14:29 | INFO | [OK]   #  37  day=2  slot=14:09  type=album  files=2  caption='A $15 schnitty on a Wednesday is an EASY WIN - just look at '
2026-04-13 17:14:29 | INFO | [OK]   #  38  day=2  slot=14:43  type=album  files=2  caption='Treat yourself (and your wallet) after the long weekend with'
2026-04-13 17:14:29 | INFO | [OK]   #  39  day=2  slot=15:16  type=album  files=4  caption='LONG WEEKEND GIG GUIDE At last the time has come for Dayligh'
2026-04-13 17:14:29 | INFO | [OK]   #  40  day=2  slot=15:50  type=photo  files=1  caption='NRL Grand Final Sunday! 7:30pm  Come join us on Sunday for t'
2026-04-13 17:14:29 | INFO | [OK]   #  41  day=2  slot=16:24  type=album  files=6  caption='GIG GUIDE We’re gearing up for yet another big weekend at Th'
2026-04-13 17:14:29 | INFO | [OK]   #  42  day=2  slot=16:57  type=album  files=6  caption='GIG GUIDE Weve been cooking this one up for a minute!  Frida'
2026-04-13 17:14:29 | INFO | [OK]   #  43  day=2  slot=17:31  type=album  files=6  caption='GIG GUIDE Winding up for another Big weekend of Live Music  '
2026-04-13 17:14:29 | INFO | [OK]   #  44  day=2  slot=18:04  type=album  files=5  caption='LIVE MUSIC LINEUP  Friday Moot // The Antibodies // The Wart'
2026-04-13 17:14:29 | INFO | [OK]   #  45  day=2  slot=18:38  type=photo  files=1  caption='$9300 Joker Poker draw at 7pm Live music, cold beer, good co'
2026-04-13 17:14:29 | INFO | [OK]   #  46  day=2  slot=19:12  type=photo  files=1  caption='LIVE MUSIC TONIGHT   8:30 TILL LATE  Cheap Delusions // Titl'
2026-04-13 17:14:29 | INFO | [OK]   #  47  day=2  slot=19:45  type=photo  files=1  caption='Big weekend in our dj booth…'
2026-04-13 17:14:29 | INFO | [OK]   #  48  day=2  slot=20:19  type=photo  files=1  caption='See you tonight for $10 wings and Music Bingo'
2026-04-13 17:14:29 | INFO | [OK]   #  49  day=2  slot=20:52  type=photo  files=1  caption='You already know the decider will be good, but we're here to'
2026-04-13 17:14:29 | INFO | [OK]   #  50  day=2  slot=21:26  type=album  files=2  caption='FRIDAY NIGHT AT THE OAK  Bubblegum Sound System on decks  6-'
2026-04-13 17:14:29 | INFO | [OK]   #  51  day=3  slot=08:00  type=album  files=3  caption='THIS WEEKEND   FRIDAY 27/6  Ease into the weekend with The O'
2026-04-13 17:14:29 | INFO | [OK]   #  52  day=3  slot=08:33  type=photo  files=1  caption='$8400 Joker Poker up for grabs tonight  Meat Raffle Live mus'
2026-04-13 17:14:29 | INFO | [OK]   #  53  day=3  slot=09:07  type=photo  files=1  caption='Make good choices. Make it a parm.'
2026-04-13 17:14:29 | INFO | [OK]   #  54  day=3  slot=09:40  type=photo  files=1  caption='Sunday afternoons in our favourite place 🍺 🍹   Come have a b'
2026-04-13 17:14:29 | INFO | [OK]   #  55  day=3  slot=10:14  type=photo  files=1  caption='STATE OF ORIGIN II 🔵🔴  To Celebrate our Brand new TV in the '
2026-04-13 17:14:29 | INFO | [OK]   #  56  day=3  slot=10:48  type=photo  files=1  caption='Open 10am till 10pm Sunday   $10 Bloody Marys  Free BBQ from'
2026-04-13 17:14:29 | INFO | [OK]   #  57  day=3  slot=11:21  type=photo  files=1  caption='Start your weekend right at The Oak  $8200 Joker Poker up fo'
2026-04-13 17:14:29 | INFO | [OK]   #  58  day=3  slot=11:55  type=photo  files=1  caption='ORIGIN Game 1   Free bar snacks  $15 Schnittys  Footy on the'
2026-04-13 17:14:29 | INFO | [OK]   #  59  day=3  slot=12:28  type=photo  files=1  caption='Got the Sunday Scaries?  So do we, but we can help!  Unfortu'
2026-04-13 17:14:29 | INFO | [OK]   #  60  day=3  slot=13:02  type=photo  files=1  caption='This and the sun filled beer garden   kids eat lunch for fre'
2026-04-13 17:14:29 | INFO | [OK]   #  61  day=3  slot=13:36  type=photo  files=1  caption='We've updated our menu, it's heaps good  You can still get a'
2026-04-13 17:14:29 | INFO | [OK]   #  62  day=3  slot=14:09  type=photo  files=1  caption='Wet weather sports   Pool comp tonight from 6  $15 Schnittys'
2026-04-13 17:14:29 | INFO | [OK]   #  63  day=3  slot=14:43  type=photo  files=1  caption='We miss the sun too, but we miss you more'
2026-04-13 17:14:29 | INFO | [OK]   #  64  day=3  slot=15:16  type=photo  files=1  caption='PUB WEATHER  This rain just won’t leave us alone, lets have '
2026-04-13 17:14:29 | INFO | [OK]   #  65  day=3  slot=15:50  type=photo  files=1  caption='$15 Burgers all day, every Friday!   Meat Raffles and $7800 '
2026-04-13 17:14:29 | INFO | [OK]   #  66  day=3  slot=16:24  type=photo  files=1  caption='Your home away from home'
2026-04-13 17:14:29 | INFO | [OK]   #  67  day=3  slot=16:57  type=photo  files=1  caption='Live music every weekend at The Oak   Shot by @filth.film  T'
2026-04-13 17:14:29 | INFO | [OK]   #  68  day=3  slot=17:31  type=photo  files=1  caption='Some beer garden sunshine and a cold one to cure your hangov'
2026-04-13 17:14:29 | INFO | [OK]   #  69  day=3  slot=18:04  type=photo  files=1  caption='Open bright and early tomorrow  See you at 7am'
2026-04-13 17:14:29 | INFO | [OK]   #  70  day=3  slot=18:38  type=photo  files=1  caption='It's Thursday night, you and your mates are at The Oak for $'
2026-04-13 17:14:29 | INFO | [OK]   #  71  day=3  slot=19:12  type=photo  files=1  caption='We know school holidays can be rough, The Oak is here to hel'
2026-04-13 17:14:29 | INFO | [OK]   #  72  day=3  slot=19:45  type=photo  files=1  caption='Sneaky lil Tuesday date night?  We'll bring the pasta'
2026-04-13 17:14:29 | INFO | [OK]   #  73  day=3  slot=20:19  type=photo  files=1  caption='Good things are happening this weekend.  Bring your friends,'
2026-04-13 17:14:29 | INFO | [OK]   #  74  day=3  slot=20:52  type=photo  files=1  caption='Wednesday means stick comp and $15 Schnittys'
2026-04-13 17:14:29 | INFO | [OK]   #  75  day=3  slot=21:26  type=album  files=3  caption='$15 PASTA SPECIALS EVERY TUESDAY!'
2026-04-13 17:14:29 | INFO | [OK]   #  76  day=4  slot=08:00  type=photo  files=1  caption='See you tonight'
2026-04-13 17:14:29 | INFO | [OK]   #  77  day=4  slot=08:33  type=photo  files=1  caption='Drop in for some of the good stuff. Here 7 days a week x'
2026-04-13 17:14:29 | INFO | [OK]   #  78  day=4  slot=09:07  type=photo  files=1  caption='$15 All day, all night, every Friday'
2026-04-13 17:14:29 | INFO | [OK]   #  79  day=4  slot=09:40  type=photo  files=1  caption='Is there a better spot to spend the afternoon?'
2026-04-13 17:14:29 | INFO | [OK]   #  80  day=4  slot=10:14  type=photo  files=1  caption='Plenty of good times happening at The Oak.  $7000 Joker Poke'
2026-04-13 17:14:29 | INFO | [OK]   #  81  day=4  slot=10:48  type=photo  files=1  caption='Schnitzels. Pool comp. Meat Raffle  Every Wednesday'
2026-04-13 17:14:29 | INFO | [OK]   #  82  day=4  slot=11:21  type=photo  files=1  caption='The good stuff'
2026-04-13 17:14:29 | INFO | [OK]   #  83  day=4  slot=11:55  type=photo  files=1  caption='$15 LUNCH MONDAY - FIRDAY'
2026-04-13 17:14:29 | INFO | [OK]   #  84  day=4  slot=12:28  type=photo  files=1  caption='Saturday lunch, kiddos eat for free x'
2026-04-13 17:14:29 | INFO | [OK]   #  85  day=4  slot=13:02  type=album  files=2  caption='We've made your Saturday night plans for you'
2026-04-13 17:14:29 | INFO | [OK]   #  86  day=4  slot=13:36  type=photo  files=1  caption='Big week?  One of these will fix you right up'
2026-04-13 17:14:29 | WARNING | [WARN] #  87  day=4  slot=14:09  type=album  files=2  (no caption)
2026-04-13 17:14:29 | INFO | [OK]   #  88  day=4  slot=14:43  type=photo  files=1  caption='It's a little wet out in the beer garden but that won't stop'
2026-04-13 17:14:29 | INFO | [OK]   #  89  day=4  slot=15:16  type=photo  files=1  caption='$15 Pasta on Tuesdays x'
2026-04-13 17:14:29 | INFO | [OK]   #  90  day=4  slot=15:50  type=album  files=3  caption='Monday night means music bingo with @just.bonnie.anne and $1'
2026-04-13 17:14:29 | INFO | [OK]   #  91  day=4  slot=16:24  type=album  files=2  caption='Friday night sorted'
2026-04-13 17:14:29 | INFO | [OK]   #  92  day=4  slot=16:57  type=photo  files=1  caption='$15 Schnitzels every Wednesday'
2026-04-13 17:14:29 | INFO | [OK]   #  93  day=4  slot=17:31  type=photo  files=1  caption='Tuesday, the perfect opportunity to drink cold beer and hone'
2026-04-13 17:14:29 | INFO | [OK]   #  94  day=4  slot=18:04  type=photo  files=1  caption='Bring your mates, bring your dog. How good.'
2026-04-13 17:14:29 | INFO | [OK]   #  95  day=4  slot=18:38  type=photo  files=1  caption='Go on, pop in for a quick one on your way home'
2026-04-13 17:14:29 | INFO | [OK]   #  96  day=4  slot=19:12  type=album  files=4  caption='Live Music Lineup  Friday @jackandtheaxes  Bringing the blue'
2026-04-13 17:14:29 | INFO | [OK]   #  97  day=4  slot=19:45  type=photo  files=1  caption='THE OAK X RAGE  Happy to announce we will be holding the pre'
2026-04-13 17:14:29 | INFO | [OK]   #  98  day=4  slot=20:19  type=album  files=4  caption='Listen Up 📣📣  Friday @carnivaraband // @meet_the_rat_ // @le'
2026-04-13 17:14:29 | INFO | [OK]   #  99  day=4  slot=20:52  type=album  files=4  caption='Your Oak line up for this weekend! We follow up on a big one'
2026-04-13 17:14:29 | INFO | [OK]   # 100  day=4  slot=21:26  type=album  files=5  caption='Kitchen Now Open 7 Days! 🤤  Slide to see our food specials'
2026-04-13 17:14:29 | INFO | [OK]   # 101  day=5  slot=08:00  type=photo  files=1  caption='ROAK N ROLL'
2026-04-13 17:14:29 | INFO | [OK]   # 102  day=5  slot=08:33  type=album  files=4  caption='We are ON for this week!  Wednesday The Final Open Mic for a'
2026-04-13 17:14:29 | INFO | [OK]   # 103  day=5  slot=09:07  type=album  files=4  caption='LONG WEEKEND We got ya sorted  Wednesday @lu.quade brings yo'
2026-04-13 17:14:29 | INFO | [OK]   # 104  day=5  slot=09:40  type=album  files=5  caption='Weve got you sorted for your music fix this week!  Wednesday'
2026-04-13 17:14:29 | INFO | [OK]   # 105  day=5  slot=10:14  type=album  files=4  caption='Whats On?? Wednesday Pool Comp Meat Raffle Open Mic hosted b'
2026-04-13 17:14:29 | INFO | [OK]   # 106  day=5  slot=10:48  type=photo  files=1  caption='‘tis the season.'
2026-04-13 17:14:29 | INFO | [OK]   # 107  day=5  slot=11:21  type=album  files=5  caption='Whats on at The Oak?? Wednesday Creative Creatues Open Mic w'
2026-04-13 17:14:29 | INFO | [OK]   # 108  day=5  slot=11:55  type=album  files=2  caption='bit of this, bit of that.   Don’t forget $2 ham raffle every'
2026-04-13 17:14:29 | INFO | [OK]   # 109  day=5  slot=12:28  type=photo  files=1  caption='we’ve got a cure for what ails ya.   margarita and ham raffl'
2026-04-13 17:14:29 | INFO | [OK]   # 110  day=5  slot=13:02  type=photo  files=1  caption='Join us a week Saturday - 21st Dec - for the third annual gr'
2026-04-13 17:14:29 | INFO | [OK]   # 111  day=5  slot=13:36  type=photo  files=1  caption='snacks. we’re all about ‘em.'
2026-04-13 17:14:29 | INFO | [OK]   # 112  day=5  slot=14:09  type=photo  files=1  caption='more of this, this weekend?   SAT  4 pm - 7 pm beer garden b'
2026-04-13 17:14:29 | INFO | [OK]   # 113  day=5  slot=14:43  type=album  files=2  caption='bring in the new year with us at The Oak 🥂   whats on offer?'
2026-04-13 17:14:29 | INFO | [OK]   # 114  day=5  slot=15:16  type=photo  files=1  caption='the food makes us that happy too'
2026-04-13 17:14:29 | INFO | [OK]   # 115  day=5  slot=15:50  type=photo  files=1  caption='don't forget, kitchen is closed mon/tues fior dinner, but yo'
2026-04-13 17:14:29 | INFO | [OK]   # 116  day=5  slot=16:24  type=album  files=3  caption='EVERYDAY til we say so (22nd dec) $2 Christmas Ham Raffle   '
2026-04-13 17:14:29 | INFO | [OK]   # 117  day=5  slot=16:57  type=photo  files=1  caption='Malibu and coke plz'
2026-04-13 17:14:29 | INFO | [OK]   # 118  day=5  slot=17:31  type=photo  files=1  caption='Surprise! It’s one of our favourite locals birthdays so we’r'
2026-04-13 17:14:29 | INFO | [OK]   # 119  day=5  slot=18:04  type=photo  files=1  caption='JOIN US and start the weekend RIGHT with @its_professor_crab'
2026-04-13 17:14:29 | INFO | [OK]   # 120  day=5  slot=18:38  type=photo  files=1  caption='see you wed for $15 schnit? Make it a palmy for an extra fiv'
2026-04-13 17:14:29 | INFO | [OK]   # 121  day=5  slot=19:12  type=photo  files=1  caption='THE THIRD ANNUAL GRAVY DAY SPECTACULAR - 7 PM 21st DEC   Poo'
2026-04-13 17:14:29 | INFO | [OK]   # 122  day=5  slot=19:45  type=album  files=2  caption='good >> better   SAT  Jack and the Axes from 8.30 pm   SUN  '
2026-04-13 17:14:29 | INFO | [OK]   # 123  day=5  slot=20:19  type=album  files=2  caption='Someone say new menu?  Come down and see us for a few cheeky'
2026-04-13 17:14:29 | INFO | [OK]   # 124  day=5  slot=20:52  type=photo  files=1  caption='we’re closing our mon/tues dinner service for the foreseeabl'
2026-04-13 17:14:29 | INFO | [OK]   # 125  day=5  slot=21:26  type=photo  files=1  caption='according to @riss_ole69 , we’ve been fun lately.   thanks f'
2026-04-13 17:14:29 | INFO | [OK]   # 126  day=6  slot=08:00  type=album  files=2  caption='snooze you never lose - wilbur x'
2026-04-13 17:14:29 | INFO | [OK]   # 127  day=6  slot=08:33  type=album  files=4  caption='can’t stop, won’t stop about the beer garden hangs.'
2026-04-13 17:14:29 | INFO | [OK]   # 128  day=6  slot=09:07  type=photo  files=1  caption='Its Wednesday. We're set and ready for the weekend, are you?'
2026-04-13 17:14:29 | INFO | [OK]   # 129  day=6  slot=09:40  type=photo  files=1  caption='Eve 💘'
2026-04-13 17:14:29 | INFO | [OK]   # 130  day=6  slot=10:14  type=album  files=3  caption='Dunny’s Kitchen Takeover.'
2026-04-13 17:14:29 | INFO | [OK]   # 131  day=6  slot=10:48  type=photo  files=1  caption='this pic is merely a distraction, a quick reminder for the m'
2026-04-13 17:14:29 | INFO | [OK]   # 132  day=6  slot=11:21  type=photo  files=1  caption='Fri 🥲 Meat raffle 6.30 pm Joker Poker 7 pm Temperate / Carni'
2026-04-13 17:14:29 | INFO | [OK]   # 133  day=6  slot=11:55  type=photo  files=1  caption='💫 Bazza's Bar Slay💫'
2026-04-13 17:14:29 | INFO | [OK]   # 134  day=6  slot=12:28  type=photo  files=1  caption='Schnitzel and a schoo! Swing by every Wednesday for $15 schn'
2026-04-13 17:14:29 | INFO | [OK]   # 135  day=6  slot=13:02  type=photo  files=1  caption='fish and bits and beer, at least two of your five a day.'
2026-04-13 17:14:29 | INFO | [OK]   # 136  day=6  slot=13:36  type=photo  files=1  caption='Fri 👯 @younghenrys bar shout from 4.30 pm - 5.30 pm  Meat ra'
2026-04-13 17:14:29 | INFO | [OK]   # 137  day=6  slot=14:09  type=photo  files=1  caption='kick off the weekend with us on Friday!   @younghenrys bar s'
2026-04-13 17:14:29 | INFO | [OK]   # 138  day=6  slot=14:43  type=photo  files=1  caption='the long weekend is over, but the good times are not.  $15 b'
2026-04-13 17:14:29 | INFO | [OK]   # 139  day=6  slot=15:16  type=photo  files=1  caption='yummers. @@josh_cale_nicholson plz comment what these dishes'
2026-04-13 17:14:29 | INFO | [OK]   # 140  day=6  slot=15:50  type=photo  files=1  caption='It's looking like beer garden weather all weekend looong. Co'
2026-04-13 17:14:29 | INFO | [OK]   # 141  day=6  slot=16:24  type=photo  files=1  caption='Conor is back from breaking Greek hearts, which means cockta'
2026-04-13 17:14:29 | INFO | [OK]   # 142  day=6  slot=16:57  type=photo  files=1  caption='FRIDAY -   NRL Grand Final Tickey Draw Meat Raffle  Joker Po'
2026-04-13 17:14:29 | INFO | [OK]   # 143  day=6  slot=17:31  type=photo  files=1  caption='eggplant parm, chicken parm, on the menu!'
2026-04-13 17:14:29 | INFO | [OK]   # 144  day=6  slot=18:04  type=photo  files=1  caption='Fri 🌵  Meat raffle 6.30 pm Joker Poker 7 pm @jamiekhay 8:45p'
2026-04-13 17:14:29 | INFO | [OK]   # 145  day=6  slot=18:38  type=photo  files=1  caption='bringing balance back to a pub menu near you! schnitzel? sur'
2026-04-13 17:14:29 | INFO | [OK]   # 146  day=6  slot=19:12  type=photo  files=1  caption='Now you know, you can book via bioOo!'
2026-04-13 17:14:29 | INFO | [OK]   # 147  day=6  slot=19:45  type=photo  files=1  caption='Next Sat, 28th Sept, watch the AFL grand final from 2.30 — w'
2026-04-13 17:14:29 | INFO | [OK]   # 148  day=6  slot=20:19  type=photo  files=1  caption='Fri 👯‍♀️ Meat raffle 6.30 pm Joker Poker 7 pm DJ 8.30 pm  Sa'
2026-04-13 17:14:29 | INFO | [OK]   # 149  day=6  slot=20:52  type=photo  files=1  caption='if its time for a catch-up, catch up at our place!'
2026-04-13 17:14:29 | INFO | [OK]   # 150  day=6  slot=21:26  type=photo  files=1  caption='flat out like a Wilbur sleeping'
2026-04-13 17:14:29 | INFO | [OK]   # 151  day=7  slot=08:00  type=album  files=2  caption='Are you buying Dad Steak or a Kranski?  Fathers Day Specials'
2026-04-13 17:14:29 | INFO | [OK]   # 152  day=7  slot=08:33  type=photo  files=1  caption='Thank GOD ITS FRIDAY and the weather is an absolute beauty. '
2026-04-13 17:14:29 | INFO | [OK]   # 153  day=7  slot=09:07  type=photo  files=1  caption='What dad wants, what dad needs! This ^^ but more!!   This Su'
2026-04-13 17:14:29 | INFO | [OK]   # 154  day=7  slot=09:40  type=photo  files=1  caption='Hospo night and a quick schoo before sundown calls.'
2026-04-13 17:14:29 | INFO | [OK]   # 155  day=7  slot=10:14  type=photo  files=1  caption='It is the perfect eve for a beer garden brew followed by Fri'
2026-04-13 17:14:29 | INFO | [OK]   # 156  day=7  slot=10:48  type=photo  files=1  caption='RSA rules do not apply*   *…. to Wilbur'
2026-04-13 17:14:29 | INFO | [OK]   # 157  day=7  slot=11:21  type=photo  files=1  caption='Everything you didn’t ask for but we’re giving to you anyway'
2026-04-13 17:14:29 | INFO | [OK]   # 158  day=7  slot=11:55  type=photo  files=1  caption='kids eat free on Saturday from 12 pm - 2 pm!   we suggest yo'
2026-04-13 17:14:29 | INFO | [OK]   # 159  day=7  slot=12:28  type=photo  files=1  caption='On Monday - we lunch! We’ve got a $15 lunch menu on the go e'
2026-04-13 17:14:29 | INFO | [OK]   # 160  day=7  slot=13:02  type=photo  files=1  caption='we’re back here again 🪩💥  Fri 🐨 Meat raffle 6.30 pm  Joker P'
2026-04-13 17:14:29 | INFO | [OK]   # 161  day=7  slot=13:36  type=photo  files=1  caption='It looks good because it IS good. Burg night every night but'
2026-04-13 17:14:29 | INFO | [OK]   # 162  day=7  slot=14:09  type=photo  files=1  caption='your weekend, our weekend -   Fri 🪐 Meat raffle 6.30 pm  Jok'
2026-04-13 17:14:29 | INFO | [OK]   # 163  day=7  slot=14:43  type=photo  files=1  caption='Barrie's Bar!'
2026-04-13 17:14:29 | INFO | [OK]   # 164  day=7  slot=15:16  type=photo  files=1  caption='Come and watch the olympics on the big screen, eat some food'
2026-04-13 17:14:29 | INFO | [OK]   # 165  day=7  slot=15:50  type=photo  files=1  caption='FRIDAY  8.30 pm Not in the business of taking calls // The n'
2026-04-13 17:14:29 | INFO | [OK]   # 166  day=7  slot=16:24  type=photo  files=1  caption='On Tuesday's, we eat burgers!  For $15 from 5 pm -   - Chees'
2026-04-13 17:14:29 | INFO | [OK]   # 167  day=7  slot=16:57  type=photo  files=1  caption='oo! c'est le weekend!   SATURDAY Kids eat free - 12 pm - 2 p'
2026-04-13 17:14:29 | INFO | [OK]   # 168  day=7  slot=17:31  type=photo  files=1  caption='Big Josh Nicholson's Big Truffle Dinner is next Wednesday 24'
2026-04-13 17:14:29 | INFO | [OK]   # 169  day=7  slot=18:04  type=photo  files=1  caption='$15 schnitzel night every wednesday! comes with garlic butte'
2026-04-13 17:14:29 | INFO | [OK]   # 170  day=7  slot=18:38  type=photo  files=1  caption='State of Origin - Final   🍻 Free Schooner for first 50 throu'
2026-04-13 17:14:29 | INFO | [OK]   # 171  day=7  slot=19:12  type=photo  files=1  caption='there's something on your arm!'
2026-04-13 17:14:29 | INFO | [OK]   # 172  day=7  slot=19:45  type=photo  files=1  caption='If these classics aren’t what you're after, Dunny makes Bloo'
2026-04-13 17:14:29 | INFO | [OK]   # 173  day=7  slot=20:19  type=photo  files=1  caption='FRIDAY 🪩 Meat Raffle - 6.30 pm Joker Poker - 7 pm  Moving Sh'
2026-04-13 17:14:29 | INFO | [OK]   # 174  day=7  slot=20:52  type=photo  files=1  caption='don’t forget, the kitchen is now open everyday from 12 pm.  '
2026-04-13 17:14:29 | INFO | [OK]   # 175  day=7  slot=21:26  type=photo  files=1  caption='HI ITS THE WEEKEND CALLING…   MOOD SPILL & LYSYSTA 8.30 PM T'
2026-04-13 17:14:29 | INFO | [OK]   # 176  day=8  slot=08:00  type=photo  files=1  caption='The kitchen is now open every day.  From Mon - Fri, we’ve go'
2026-04-13 17:14:29 | INFO | [OK]   # 177  day=8  slot=08:33  type=photo  files=1  caption='SUNDAY 💫  3 course lunch for $49  bobby paquet playing 2 pm '
2026-04-13 17:14:29 | INFO | [OK]   # 178  day=8  slot=09:07  type=photo  files=1  caption='MONDAY NIGHT = HOSPO NIGHT FROM MON 1ST JULY   cost of livin'
2026-04-13 17:14:29 | INFO | [OK]   # 179  day=8  slot=09:40  type=photo  files=1  caption='this weekends live music ---  friday 8.30 pm - kalakuta repu'
2026-04-13 17:14:29 | INFO | [OK]   # 180  day=8  slot=10:14  type=photo  files=1  caption='wednesday night means meat raffle and $18 for schnitty with '
2026-04-13 17:14:29 | INFO | [OK]   # 181  day=8  slot=10:48  type=photo  files=1  caption='cater to your deepest needs and have a cocktail, why don't y'
2026-04-13 17:14:29 | INFO | [OK]   # 182  day=8  slot=11:21  type=photo  files=1  caption='the call of circe has been too irresistible for this guy, wh'
2026-04-13 17:14:29 | INFO | [OK]   # 183  day=8  slot=11:55  type=photo  files=1  caption='we love sundays.   kitchen open 12 pm -4 pm, swing by for a '
2026-04-13 17:14:29 | INFO | [OK]   # 184  day=8  slot=12:28  type=album  files=4  caption='Whats on this weekend?  Friday - Meat Raffle, $2700 Joker Po'
2026-04-13 17:14:29 | INFO | [OK]   # 185  day=8  slot=13:02  type=album  files=2  caption='The menu! For you!'
2026-04-13 17:14:29 | INFO | [OK]   # 186  day=8  slot=13:36  type=photo  files=1  caption='its time for a LONG WEEKEND -   friday 👀 6.30 pm - meat raff'
2026-04-13 17:14:29 | INFO | [OK]   # 187  day=8  slot=14:09  type=photo  files=1  caption='Return Of The Lewy 😈 We’ve decided to bring back the Lewy bu'
2026-04-13 17:14:29 | INFO | [OK]   # 188  day=8  slot=14:43  type=photo  files=1  caption='IT’S FRIDAY!   🔪Kitchen open from 12 pm - book via the link '
2026-04-13 17:14:29 | INFO | [OK]   # 189  day=8  slot=15:16  type=photo  files=1  caption='THEO’S TRIVIA - back tomorrow. Free entry, free Theo cuddles'
2026-04-13 17:14:29 | INFO | [OK]   # 190  day=8  slot=15:50  type=photo  files=1  caption='2 pool tables // 2 pool comps!  Join us every Wednesday and '
2026-04-13 17:14:29 | INFO | [OK]   # 191  day=8  slot=16:24  type=photo  files=1  caption='chicken schnitz, every wed, $18.50'
2026-04-13 17:14:29 | INFO | [OK]   # 192  day=8  slot=16:57  type=photo  files=1  caption='you look after mon/tues dinner, we’ve got the rest of the we'
2026-04-13 17:14:29 | INFO | [OK]   # 193  day=8  slot=17:31  type=photo  files=1  caption='drop by on Friday 5 pm - 7 pm to taste the new drop from our'
2026-04-13 17:14:29 | INFO | [OK]   # 194  day=8  slot=18:04  type=photo  files=1  caption='THEO’S TRIVIA   Thursday from 7 pm, top prize of $100 vouchy'
2026-04-13 17:14:29 | INFO | [OK]   # 195  day=8  slot=18:38  type=photo  files=1  caption='it seems the weather men have it all wrong, it’s Friday and '
2026-04-13 17:14:29 | INFO | [OK]   # 196  day=8  slot=19:12  type=photo  files=1  caption='✨🥂 Mother's Day at the Oak 🥂✨  Join us Sun 12th May and cele'
2026-04-13 17:14:29 | INFO | [OK]   # 197  day=8  slot=19:45  type=photo  files=1  caption='every wednesday from 5.30 pm come by and experience the JOY '
2026-04-13 17:14:29 | INFO | [OK]   # 198  day=8  slot=20:19  type=photo  files=1  caption='doing the old switcheroo and having @theostrivia on wednesda'
2026-04-13 17:14:29 | INFO | [OK]   # 199  day=8  slot=20:52  type=photo  files=1  caption='Congratulations to Harry aka The Mullet on picking the joker'
2026-04-13 17:14:29 | INFO | [OK]   # 200  day=8  slot=21:26  type=photo  files=1  caption='yeah, why not?'
2026-04-13 17:14:29 | INFO | [OK]   # 201  day=9  slot=08:00  type=photo  files=1  caption='fridays are for friends, fun and winning fecking joker poker'
2026-04-13 17:14:29 | INFO | [OK]   # 202  day=9  slot=08:33  type=photo  files=1  caption='conor wants us to let you know that sometimes he makes cockt'
2026-04-13 17:14:29 | INFO | [OK]   # 203  day=9  slot=09:07  type=photo  files=1  caption='kitchen open Wed - Sat from 12 pm - 8.30 pm  and  Sun 12 - 4'
2026-04-13 17:14:29 | INFO | [OK]   # 204  day=9  slot=09:40  type=photo  files=1  caption='Theo's Trivia! Thursday! 7 pm! Theo is the dog! Prizes! Scho'
2026-04-13 17:14:29 | INFO | [OK]   # 205  day=9  slot=10:14  type=photo  files=1  caption='a beer in hand is worth two in the esky.'
2026-04-13 17:14:29 | INFO | [OK]   # 206  day=9  slot=10:48  type=photo  files=1  caption='one of the few places left where a dollar will get you anywh'
2026-04-13 17:14:29 | INFO | [OK]   # 207  day=9  slot=11:21  type=photo  files=1  caption='$25 Tradie's Lunch   12 pm - 2.30 pm - Wed, Thurs, Fri   - c'
2026-04-13 17:14:29 | INFO | [OK]   # 208  day=9  slot=11:55  type=photo  files=1  caption='pinball wizard'
2026-04-13 17:14:29 | INFO | [OK]   # 209  day=9  slot=12:28  type=photo  files=1  caption='fortnightly backgammon returns next week, tuesday 2nd april,'
2026-04-13 17:14:29 | INFO | [OK]   # 210  day=9  slot=13:02  type=photo  files=1  caption='we've only gone and done it...  happy hour, every sunday unt'
2026-04-13 17:14:29 | INFO | [OK]   # 211  day=9  slot=13:36  type=photo  files=1  caption='waitin' for a mate.'
2026-04-13 17:14:29 | INFO | [OK]   # 212  day=9  slot=14:09  type=photo  files=1  caption='OPEN -  12 pm - 10 pm Good Friday 29th March  8.30 pm - The '
2026-04-13 17:14:29 | INFO | [OK]   # 213  day=9  slot=14:43  type=album  files=2  caption='the *actual menu* for you —->'
2026-04-13 17:14:29 | INFO | [OK]   # 214  day=9  slot=15:16  type=photo  files=1  caption='👀'
2026-04-13 17:14:29 | INFO | [OK]   # 215  day=9  slot=15:50  type=photo  files=1  caption='free pool competition every wed and sat from 5 pm - bar tab '
2026-04-13 17:14:29 | INFO | [OK]   # 216  day=9  slot=16:24  type=photo  files=1  caption='FRIDAY   meat raffle 🥩 tickets are $10 for 10 numbers, drawn'
2026-04-13 17:14:29 | INFO | [OK]   # 217  day=9  slot=16:57  type=photo  files=1  caption='kitchen open from 12 pm, wed-sun. ya don't have to make a me'
2026-04-13 17:14:29 | INFO | [OK]   # 218  day=9  slot=17:31  type=photo  files=1  caption='Join us every Thursday for our Schooner Draw from 6.30 pm an'
2026-04-13 17:14:29 | INFO | [OK]   # 219  day=9  slot=18:04  type=photo  files=1  caption='C.W. STONEKING | THE OAK | APR 9   C.W. Stoneking returns fo'
2026-04-13 17:14:29 | INFO | [OK]   # 220  day=9  slot=18:38  type=photo  files=1  caption='Kitchen’s open the rest of the week! Good things ready to be'
2026-04-13 17:14:29 | INFO | [OK]   # 221  day=9  slot=19:12  type=photo  files=1  caption='THE OAK | NRL TIPPING COMP | 2024   1st - 70% Prize Pool  2n'
2026-04-13 17:14:29 | INFO | [OK]   # 222  day=9  slot=19:45  type=album  files=2  caption='this weeks menu —>   💥'
2026-04-13 17:14:29 | INFO | [OK]   # 223  day=9  slot=20:19  type=photo  files=1  caption='Tradie’s lunch starts this week! 💥   12 pm - 2.30 pm | Wed, '
2026-04-13 17:14:29 | INFO | [OK]   # 224  day=9  slot=20:52  type=photo  files=1  caption='last weeks @theostrivia winners! 🤑 this week its theo’s 6th '
2026-04-13 17:14:29 | INFO | [OK]   # 225  day=9  slot=21:26  type=photo  files=1  caption='In a can, they swim with glee, Tinned fish, a tasty sea decr'
2026-04-13 17:14:29 | INFO | [OK]   # 226  day=10  slot=08:00  type=photo  files=1  caption='we’ve upped the ante on the old sauso and beer combo and hav'
2026-04-13 17:14:29 | INFO | [OK]   # 227  day=10  slot=08:33  type=photo  files=1  caption='we're open for lunch from 12 pm this thursday 15th feb, and '
2026-04-13 17:14:29 | INFO | [OK]   # 228  day=10  slot=09:07  type=photo  files=1  caption='💘 TAG, SHARE AND WIN 💘  Tag your gal-entine, pal-entine, or '
2026-04-13 17:14:29 | INFO | [OK]   # 229  day=10  slot=09:40  type=photo  files=1  caption='our kinda bedtime reading.   srsly tho, big ups to @verawine'
2026-04-13 17:14:29 | INFO | [OK]   # 230  day=10  slot=10:14  type=photo  files=1  caption='we're kicking off our beer garden sessions on sunday from 2 '
2026-04-13 17:14:29 | INFO | [OK]   # 231  day=10  slot=10:48  type=photo  files=1  caption='@theostrivia every thursday from 7 pm!  call to book on 02 4'
2026-04-13 17:14:29 | INFO | [OK]   # 232  day=10  slot=11:21  type=photo  files=1  caption='MONDAY - social backgammon 🎲  TUESDAY - bizznizz as usual 💼 '
2026-04-13 17:14:29 | INFO | [OK]   # 233  day=10  slot=11:55  type=photo  files=1  caption='Open all long weekend long for a bit of this and a bit of th'
2026-04-13 17:14:29 | INFO | [OK]   # 234  day=10  slot=12:28  type=photo  files=1  caption='MORE GOOD THINGS COMING… hashing out more nice times landing'
2026-04-13 17:14:29 | INFO | [OK]   # 235  day=10  slot=13:02  type=album  files=2  caption='MENU >>>>>>>>>   hard launching ourselves into the weekend. '
2026-04-13 17:14:29 | INFO | [OK]   # 236  day=10  slot=13:36  type=photo  files=1  caption='FREE POOL COMP 🎱 wed & sat, sign up from 3 pm.'
2026-04-13 17:14:29 | INFO | [OK]   # 237  day=10  slot=14:09  type=photo  files=1  caption='kitchen opens 5.30 pm and trivia, our first trivia (!), kick'
2026-04-13 17:14:29 | INFO | [OK]   # 238  day=10  slot=14:43  type=album  files=4  caption='this is your sign to come by for sunday lunch! open from 12 '
2026-04-13 17:14:29 | INFO | [OK]   # 239  day=10  slot=15:16  type=photo  files=1  caption='TRIVIA STARTS NEXT WEEK! Call us to book a table 02 4961 197'
2026-04-13 17:14:29 | INFO | [OK]   # 240  day=10  slot=15:50  type=photo  files=1  caption='come for the art, stay for the music -   MOVING SHADOWS play'
2026-04-13 17:14:29 | INFO | [OK]   # 241  day=10  slot=16:24  type=photo  files=1  caption='whether its a new you, new year or same you, new year - we r'
2026-04-13 17:14:29 | INFO | [OK]   # 242  day=10  slot=16:57  type=photo  files=1  caption='NYE -   Bar 10 am - 11 pm  Kitchen 12.30 pm - 8.30 pm   NYD '
2026-04-13 17:14:29 | INFO | [OK]   # 243  day=10  slot=17:31  type=album  files=3  caption='kitchen is open from 12 pm tomorrow. continue your post-chri'
2026-04-13 17:14:29 | INFO | [OK]   # 244  day=10  slot=18:04  type=photo  files=1  caption='@grandpricksinc @williamjohnjnr playing sat 30th from 8.30 p'
2026-04-13 17:14:29 | INFO | [OK]   # 245  day=10  slot=18:38  type=photo  files=1  caption='come down for @stellamarisoysterco oysters and something col'
2026-04-13 17:14:29 | INFO | [OK]   # 246  day=10  slot=19:12  type=photo  files=1  caption='a dunne of kegs for christmas 🏏 , summer dunne right'
2026-04-13 17:14:29 | INFO | [OK]   # 247  day=10  slot=19:45  type=photo  files=1  caption='its a busy time of year, v.important to stay hydrated, prefe'
2026-04-13 17:14:29 | INFO | [OK]   # 248  day=10  slot=20:19  type=photo  files=1  caption='not just a pretty...pub(?!) there's heaps on!   👽 Sat 16th B'
2026-04-13 17:14:29 | INFO | [OK]   # 249  day=10  slot=20:52  type=photo  files=1  caption='Happy Friday Folks.   kitchen open -  wed & thurs 5:30-8:30 '
2026-04-13 17:14:29 | INFO | [OK]   # 250  day=10  slot=21:26  type=photo  files=1  caption='who tf is this guy? who cares! what matters is that he’s eat'
2026-04-13 17:14:29 | INFO | [OK]   # 251  day=11  slot=08:00  type=photo  files=1  caption='It's Friday. Who's in for a burger and a couple of schoos?'
2026-04-13 17:14:29 | INFO | [OK]   # 252  day=11  slot=08:33  type=photo  files=1  caption='what a weekend! did you visit us?'
2026-04-13 17:14:29 | INFO | [OK]   # 253  day=11  slot=09:07  type=photo  files=1  caption='add a bit of gremolata and tinned fish on toast never tasted'
2026-04-13 17:14:29 | INFO | [OK]   # 254  day=11  slot=09:40  type=photo  files=1  caption='winner winner 1/2 roast chicken, herb salad and chicken jus '
2026-04-13 17:14:29 | INFO | [OK]   # 255  day=11  slot=10:14  type=photo  files=1  caption='This weeks menu…'
2026-04-13 17:14:29 | INFO | [OK]   # 256  day=11  slot=10:48  type=photo  files=1  caption='Field of Crows are going be working harder than this record '
2026-04-13 17:14:29 | INFO | [OK]   # 257  day=11  slot=11:21  type=photo  files=1  caption='salty snacks and a few bevs, what joy.'
2026-04-13 17:14:29 | INFO | [OK]   # 258  day=11  slot=11:55  type=photo  files=1  caption='The kind of pub we’d like to hang out at.'
2026-04-13 17:14:29 | INFO | [OK]   # 259  day=11  slot=12:28  type=photo  files=1  caption='If you’re ready for beer AND food, our kitchen is opening fr'
2026-04-13 17:14:29 | INFO | [OK]   # 260  day=11  slot=13:02  type=photo  files=1  caption='News just in… Our kitchen is ready and will be open for dinn'
2026-04-13 17:14:29 | INFO | [OK]   # 261  day=11  slot=13:36  type=album  files=2  caption='Back bar magic and some (questionable) words to live by.'
2026-04-13 17:14:29 | INFO | [OK]   # 262  day=11  slot=14:09  type=photo  files=1  caption='While we work on the good food, there’s still fine liquor, l'
2026-04-13 17:14:29 | INFO | [OK]   # 263  day=11  slot=14:43  type=photo  files=1  caption='Our kitchen is taking a little longer than we’d hoped.   To '
2026-04-13 17:14:29 | INFO | [OK]   # 264  day=11  slot=15:16  type=album  files=2  caption='ROYAL OAK REVIVAL SET TIMES   Starts at 6pm Steel City Dub D'
2026-04-13 17:14:29 | INFO | [OK]   # 265  day=11  slot=15:50  type=photo  files=1  caption='1 jukebox, 2 pool tables, 14 beer taps'
2026-04-13 17:14:29 | INFO | ============================================================
2026-04-13 17:14:29 | INFO | SUMMARY  total=265  ok=265  warn=1  fail=0
2026-04-13 17:14:29 | INFO | All posts look good — ready for a real run.
2026-04-13 17:14:29 | INFO | ============================================================
